<?xml version="1.0" encoding="UTF-8"?>
<!-- Generated by org.testng.reporters.JUnitReportReporter -->
<testsuite hostname="skynet-pc" name="fibonacci.FibonacciNGTest" tests="2" failures="0" timestamp="28 Aug 2013 14:48:17 GMT" time="0.009" errors="0">
  <testcase name="testCalculate" time="0.006" classname="fibonacci.FibonacciNGTest"/>
  <testcase name="testMain" time="0.003" classname="fibonacci.FibonacciNGTest"/>
</testsuite> <!-- fibonacci.FibonacciNGTest -->
